;  LST file generated by mikroListExporter - v.2.0 
; Date/Time: 16/05/2023 16:42:19
;----------------------------------------------

;Address Opcode 	ASM
0x0000	0x2816      	GOTO       22
_____DoICP:
;__Lib_System.c,6 :: 		
;__Lib_System.c,9 :: 		
0x0003	0x1283      	BCF        STATUS, 5
0x0004	0x1303      	BCF        STATUS, 6
0x0005	0x0823      	MOVF       ___DoICPAddr+1, 0
0x0006	0x008A      	MOVWF      PCLATH
;__Lib_System.c,10 :: 		
0x0007	0x0822      	MOVF       ___DoICPAddr, 0
0x0008	0x0082      	MOVWF      PCL
;__Lib_System.c,12 :: 		
L_end_____DoICP:
0x0009	0x0008      	RETURN
; end of _____DoICP
___CC2DW:
;__Lib_System.c,134 :: 		
;__Lib_System.c,137 :: 		
_CC2D_Loop1:
;__Lib_System.c,139 :: 		
0x000A	0x2003      	CALL       _____DoICP
0x000B	0x118A      	BCF        PCLATH, 3
0x000C	0x120A      	BCF        PCLATH, 4
;__Lib_System.c,141 :: 		
0x000D	0x0080      	MOVWF      INDF
;__Lib_System.c,142 :: 		
0x000E	0x0A84      	INCF       FSR, 1
;__Lib_System.c,143 :: 		
0x000F	0x0AA2      	INCF       ___DoICPAddr, 1
;__Lib_System.c,145 :: 		
0x0010	0x1903      	BTFSC      STATUS, 2
;__Lib_System.c,146 :: 		
0x0011	0x0AA3      	INCF       ___DoICPAddr+1, 1
;__Lib_System.c,147 :: 		
0x0012	0x03F0      	DECF       R0, 1
;__Lib_System.c,149 :: 		
0x0013	0x1D03      	BTFSS      STATUS, 2
;__Lib_System.c,150 :: 		
0x0014	0x280A      	GOTO       _CC2D_Loop1
;__Lib_System.c,152 :: 		
L_end___CC2DW:
0x0015	0x0008      	RETURN
; end of ___CC2DW
_main:
0x0016	0x30FF      	MOVLW      255
0x0017	0x1283      	BCF        STATUS, 5
0x0018	0x1303      	BCF        STATUS, 6
0x0019	0x00A0      	MOVWF      _control
0x001A	0x01A1      	CLRF       33
;Aula007.c,2 :: 		void main() {
;Aula007.c,3 :: 		TRISB = 0;         //Todos pinos configurados como sáida digital.
0x001B	0x1683      	BSF        STATUS, 5
0x001C	0x0186      	CLRF       TRISB
;Aula007.c,4 :: 		PORTB = 0xFF;      //Todos pinos em nível alto, pois LED e current sink.
0x001D	0x30FF      	MOVLW      255
0x001E	0x1283      	BCF        STATUS, 5
0x001F	0x0086      	MOVWF      PORTB
;Aula007.c,6 :: 		while(1)
L_main0:
;Aula007.c,9 :: 		PORTB = control;
0x0020	0x0820      	MOVF       _control, 0
0x0021	0x0086      	MOVWF      PORTB
;Aula007.c,10 :: 		delay_ms(300);
0x0022	0x3002      	MOVLW      2
0x0023	0x00FB      	MOVWF      R11
0x0024	0x3086      	MOVLW      134
0x0025	0x00FC      	MOVWF      R12
0x0026	0x3099      	MOVLW      153
0x0027	0x00FD      	MOVWF      R13
L_main2:
0x0028	0x0BFD      	DECFSZ     R13, 1
0x0029	0x2828      	GOTO       L_main2
0x002A	0x0BFC      	DECFSZ     R12, 1
0x002B	0x2828      	GOTO       L_main2
0x002C	0x0BFB      	DECFSZ     R11, 1
0x002D	0x2828      	GOTO       L_main2
;Aula007.c,12 :: 		control = control <<1;
0x002E	0x0820      	MOVF       _control, 0
0x002F	0x00F1      	MOVWF      R1
0x0030	0x0821      	MOVF       _control+1, 0
0x0031	0x00F2      	MOVWF      R1+1
0x0032	0x0DF1      	RLF        R1, 1
0x0033	0x0DF2      	RLF        R1+1, 1
0x0034	0x1071      	BCF        R1, 0
0x0035	0x0871      	MOVF       R1, 0
0x0036	0x00A0      	MOVWF      _control
0x0037	0x0872      	MOVF       R1+1, 0
0x0038	0x00A1      	MOVWF      _control+1
;Aula007.c,13 :: 		if(control == 0) control = 0xFF;
0x0039	0x3000      	MOVLW      0
0x003A	0x0672      	XORWF      R1+1, 0
0x003B	0x1D03      	BTFSS      STATUS, 2
0x003C	0x283F      	GOTO       L__main5
0x003D	0x3000      	MOVLW      0
0x003E	0x0671      	XORWF      R1, 0
L__main5:
0x003F	0x1D03      	BTFSS      STATUS, 2
0x0040	0x2844      	GOTO       L_main3
0x0041	0x30FF      	MOVLW      255
0x0042	0x00A0      	MOVWF      _control
0x0043	0x01A1      	CLRF       _control+1
L_main3:
;Aula007.c,14 :: 		}
0x0044	0x2820      	GOTO       L_main0
;Aula007.c,15 :: 		}
L_end_main:
0x0045	0x2845      	GOTO       $+0
; end of _main
Symbol List:
//** Routines locations **
//ADDRESS    SIZE    PROCEDURE
//----------------------------------------------
0x0003       [7]    _____DoICP
0x000A      [12]    ___CC2DW
0x0016      [48]    _main
//** Variables locations ** 
//ADDRESS    SIZE    VARIABLE
//----------------------------------------------
0x0000       [1]    INDF
0x0002       [1]    PCL
0x0003       [1]    STATUS
0x0004       [1]    FSR
0x0006       [1]    PORTB
0x000A       [1]    PCLATH
0x0020       [2]    _control
0x0022       [2]    ___DoICPAddr
0x0070       [1]    R0
0x0071       [1]    R1
0x0072       [1]    R2
0x0073       [1]    R3
0x0074       [1]    R4
0x0075       [1]    R5
0x0076       [1]    R6
0x0077       [1]    R7
0x0078       [1]    R8
0x0079       [1]    R9
0x007A       [1]    R10
0x007B       [1]    R11
0x007C       [1]    R12
0x007D       [1]    R13
0x007E       [1]    R14
0x007F       [1]    R15
0x0086       [1]    TRISB
