;  LST file generated by mikroListExporter - v.2.0 
; Date/Time: 16/05/2023 15:59:03
;----------------------------------------------

;Address Opcode 	ASM
0x0000	0x2803      	GOTO       3
_main:
;Aula006.c,10 :: 		void main() {
;Aula006.c,11 :: 		ANSEL = 0;
0x0003	0x1683      	BSF        STATUS, 5
0x0004	0x019F      	CLRF       ANSEL
;Aula006.c,12 :: 		CMCON = 7;
0x0005	0x3007      	MOVLW      7
0x0006	0x1283      	BCF        STATUS, 5
0x0007	0x0099      	MOVWF      CMCON
;Aula006.c,14 :: 		TRISIO0_bit = 1;   //Entrada digital.
0x0008	0x1683      	BSF        STATUS, 5
0x0009	0x1405      	BSF        TRISIO0_bit, BitPos(TRISIO0_bit+0)
;Aula006.c,15 :: 		TRISIO1_bit = 1;   //Entrada digital.
0x000A	0x1485      	BSF        TRISIO1_bit, BitPos(TRISIO1_bit+0)
;Aula006.c,16 :: 		TRISIO4_bit = 0;   //Saída digital.
0x000B	0x1205      	BCF        TRISIO4_bit, BitPos(TRISIO4_bit+0)
;Aula006.c,17 :: 		TRISIO5_bit = 0;   //Saída digital.
0x000C	0x1285      	BCF        TRISIO5_bit, BitPos(TRISIO5_bit+0)
;Aula006.c,19 :: 		S1 = 1;     //Inicializa em nível alto.
0x000D	0x1283      	BCF        STATUS, 5
0x000E	0x1405      	BSF        GPIO, 0
;Aula006.c,20 :: 		S2 = 1;     //Inicializa em nível alto.
0x000F	0x1485      	BSF        GPIO, 1
;Aula006.c,21 :: 		D1 = 0;     //Led current source.
0x0010	0x1205      	BCF        GPIO, 4
;Aula006.c,22 :: 		D2 = 0;     //Led current source, inicia em nível baixo.
0x0011	0x1285      	BCF        GPIO, 5
;Aula006.c,24 :: 		while(1)
L_main0:
;Aula006.c,26 :: 		if(S1 == 0)
0x0012	0x1805      	BTFSC      GPIO, 0
0x0013	0x2822      	GOTO       L_main2
;Aula006.c,28 :: 		D1 = ~D1;       //Estado inverso de D1.
0x0014	0x3010      	MOVLW      16
0x0015	0x0685      	XORWF      GPIO, 1
;Aula006.c,29 :: 		delay_ms(300);  //Delay para evitar ruidos(bouncing) no hardware.
0x0016	0x3002      	MOVLW      2
0x0017	0x00DB      	MOVWF      R11
0x0018	0x3086      	MOVLW      134
0x0019	0x00DC      	MOVWF      R12
0x001A	0x3099      	MOVLW      153
0x001B	0x00DD      	MOVWF      R13
L_main3:
0x001C	0x0BDD      	DECFSZ     R13, 1
0x001D	0x281C      	GOTO       L_main3
0x001E	0x0BDC      	DECFSZ     R12, 1
0x001F	0x281C      	GOTO       L_main3
0x0020	0x0BDB      	DECFSZ     R11, 1
0x0021	0x281C      	GOTO       L_main3
;Aula006.c,30 :: 		}
L_main2:
;Aula006.c,31 :: 		if(S2 == 0)
0x0022	0x1885      	BTFSC      GPIO, 1
0x0023	0x2832      	GOTO       L_main4
;Aula006.c,33 :: 		D2 = ~D2;
0x0024	0x3020      	MOVLW      32
0x0025	0x0685      	XORWF      GPIO, 1
;Aula006.c,34 :: 		delay_ms(300);
0x0026	0x3002      	MOVLW      2
0x0027	0x00DB      	MOVWF      R11
0x0028	0x3086      	MOVLW      134
0x0029	0x00DC      	MOVWF      R12
0x002A	0x3099      	MOVLW      153
0x002B	0x00DD      	MOVWF      R13
L_main5:
0x002C	0x0BDD      	DECFSZ     R13, 1
0x002D	0x282C      	GOTO       L_main5
0x002E	0x0BDC      	DECFSZ     R12, 1
0x002F	0x282C      	GOTO       L_main5
0x0030	0x0BDB      	DECFSZ     R11, 1
0x0031	0x282C      	GOTO       L_main5
;Aula006.c,35 :: 		}
L_main4:
;Aula006.c,36 :: 		}
0x0032	0x2812      	GOTO       L_main0
;Aula006.c,37 :: 		}
L_end_main:
0x0033	0x2833      	GOTO       $+0
; end of _main
Symbol List:
//** Routines locations **
//ADDRESS    SIZE    PROCEDURE
//----------------------------------------------
0x0003      [49]    _main
//** Variables locations ** 
//ADDRESS    SIZE    VARIABLE
//----------------------------------------------
0x0000       [1]    INDF
0x0003       [1]    STATUS
0x0004       [1]    FSR
0x0005       [1]    GPIO
0x000A       [1]    PCLATH
0x0019       [1]    CMCON
0x0020       [2]    ___DoICPAddr
0x0050       [1]    R0
0x0051       [1]    R1
0x0052       [1]    R2
0x0053       [1]    R3
0x0054       [1]    R4
0x0055       [1]    R5
0x0056       [1]    R6
0x0057       [1]    R7
0x0058       [1]    R8
0x0059       [1]    R9
0x005A       [1]    R10
0x005B       [1]    R11
0x005C       [1]    R12
0x005D       [1]    R13
0x005E       [1]    R14
0x005F       [1]    R15
0x0085       [0]    TRISIO0_bit
0x0085       [0]    TRISIO1_bit
0x0085       [0]    TRISIO5_bit
0x0085       [0]    TRISIO4_bit
0x009F       [1]    ANSEL
