;  LST file generated by mikroListExporter - v.2.0 
; Date/Time: 15/05/2023 20:36:27
;----------------------------------------------

;Address Opcode 	ASM
0x0000	0x2803      	GOTO       3
_main:
;aula002.c,1 :: 		void main() {
;aula002.c,3 :: 		TRISB = 0b00000000;
0x0003	0x1683      	BSF        STATUS, 5
0x0004	0x0186      	CLRF       TRISB
;aula002.c,4 :: 		PORTB = 0b00000000;
0x0005	0x1283      	BCF        STATUS, 5
0x0006	0x0186      	CLRF       PORTB
;aula002.c,6 :: 		while(1)
L_main0:
;aula002.c,8 :: 		PORTB++;
0x0007	0x0A06      	INCF       PORTB, 0
0x0008	0x00C0      	MOVWF      R0
0x0009	0x0840      	MOVF       R0, 0
0x000A	0x0086      	MOVWF      PORTB
;aula002.c,9 :: 		delay_ms(1000);
0x000B	0x300B      	MOVLW      11
0x000C	0x00CB      	MOVWF      R11
0x000D	0x3026      	MOVLW      38
0x000E	0x00CC      	MOVWF      R12
0x000F	0x305D      	MOVLW      93
0x0010	0x00CD      	MOVWF      R13
L_main2:
0x0011	0x0BCD      	DECFSZ     R13, 1
0x0012	0x2811      	GOTO       L_main2
0x0013	0x0BCC      	DECFSZ     R12, 1
0x0014	0x2811      	GOTO       L_main2
0x0015	0x0BCB      	DECFSZ     R11, 1
0x0016	0x2811      	GOTO       L_main2
0x0017	0x0000      	NOP
0x0018	0x0000      	NOP
;aula002.c,10 :: 		}
0x0019	0x2807      	GOTO       L_main0
;aula002.c,11 :: 		}
L_end_main:
0x001A	0x281A      	GOTO       $+0
; end of _main
Symbol List:
//** Routines locations **
//ADDRESS    SIZE    PROCEDURE
//----------------------------------------------
0x0003      [24]    _main
//** Variables locations ** 
//ADDRESS    SIZE    VARIABLE
//----------------------------------------------
0x0000       [1]    INDF
0x0003       [1]    STATUS
0x0004       [1]    FSR
0x0006       [1]    PORTB
0x000A       [1]    PCLATH
0x000C       [2]    ___DoICPAddr
0x0040       [1]    R0
0x0041       [1]    R1
0x0042       [1]    R2
0x0043       [1]    R3
0x0044       [1]    R4
0x0045       [1]    R5
0x0046       [1]    R6
0x0047       [1]    R7
0x0048       [1]    R8
0x0049       [1]    R9
0x004A       [1]    R10
0x004B       [1]    R11
0x004C       [1]    R12
0x004D       [1]    R13
0x004E       [1]    R14
0x004F       [1]    R15
0x0086       [1]    TRISB
